生成启动时间为 2020/5/31 21:35:07。
     1>项目“E:\study\Code_Release_Version\CostDistanceC++\CostDistanceC++.vcxproj”在节点 2 上(Build 个目标)。
     1>ClCompile:
         C:\Program Files (x86)\Microsoft Visual Studio 12.0\VC\bin\CL.exe /c /ZI /nologo /W3 /WX- /sdl /Od /Oy- /D WIN32 /D _DEBUG /D _CONSOLE /D _LIB /D _UNICODE /D UNICODE /Gm /EHsc /RTC1 /MDd /GS /fp:precise /Zc:wchar_t /Zc:forScope /Yc"stdafx.h" /Fp"Debug\CostDistanceC++.pch" /Fo"Debug\\" /Fd"Debug\vc120.pdb" /Gd /TP /analyze- /errorReport:prompt stdafx.cpp
         stdafx.cpp
         C:\Program Files (x86)\Microsoft Visual Studio 12.0\VC\bin\CL.exe /c /ZI /nologo /W3 /WX- /sdl /Od /Oy- /D WIN32 /D _DEBUG /D _CONSOLE /D _LIB /D _UNICODE /D UNICODE /Gm /EHsc /RTC1 /MDd /GS /fp:precise /Zc:wchar_t /Zc:forScope /Yu"stdafx.h" /Fp"Debug\CostDistanceC++.pch" /Fo"Debug\\" /Fd"Debug\vc120.pdb" /Gd /TP /analyze- /errorReport:prompt main.cpp
         main.cpp
     1>e:\study\code_release_version\costdistancec++\xlhashtable.h(103): warning C4290: 忽略 C++ 异常规范，但指示函数不是 __declspec(nothrow)
                 e:\study\code_release_version\costdistancec++\xlhashtable.h(169): 参见对正在编译的类 模板 实例化“xlHashTable<idxObject>”的引用
     1>e:\study\code_release_version\costdistancec++\xlheaps.h(113): warning C4290: 忽略 C++ 异常规范，但指示函数不是 __declspec(nothrow)
                 e:\study\code_release_version\costdistancec++\xlheaps.h(334): 参见对正在编译的类 模板 实例化“xlMinHeap<HeapKey>”的引用
     1>e:\study\code_release_version\costdistancec++\xlheaps.h(157): warning C4290: 忽略 C++ 异常规范，但指示函数不是 __declspec(nothrow)
     1>e:\study\code_release_version\costdistancec++\xlheaps.h(206): warning C4290: 忽略 C++ 异常规范，但指示函数不是 __declspec(nothrow)
     1>e:\study\code_release_version\costdistancec++\xlheaps.h(216): warning C4290: 忽略 C++ 异常规范，但指示函数不是 __declspec(nothrow)
     1>e:\study\code_release_version\costdistancec++\xlheaps.h(294): warning C4290: 忽略 C++ 异常规范，但指示函数不是 __declspec(nothrow)
     1>e:\study\code_release_version\costdistancec++\xlheaps.h(92): warning C4018: “<”: 有符号/无符号不匹配
                 e:\study\code_release_version\costdistancec++\xlheaps.h(90): 编译类 模板 成员函数“xlMinHeap<Node>::~xlMinHeap(void)”时
                 e:\study\code_release_version\costdistancec++\costdistance3d.h(115): 参见对正在编译的函数 模板 实例化“xlMinHeap<Node>::~xlMinHeap(void)”的引用
       Link:
         C:\Program Files (x86)\Microsoft Visual Studio 12.0\VC\bin\link.exe /ERRORREPORT:PROMPT /OUT:"E:\study\Code_Release_Version\Debug\CostDistanceC++.exe" /INCREMENTAL /NOLOGO kernel32.lib user32.lib gdi32.lib winspool.lib comdlg32.lib advapi32.lib shell32.lib ole32.lib oleaut32.lib uuid.lib odbc32.lib odbccp32.lib /MANIFEST /MANIFESTUAC:"level='asInvoker' uiAccess='false'" /manifest:embed /DEBUG /PDB:"E:\study\Code_Release_Version\Debug\CostDistanceC++.pdb" /SUBSYSTEM:CONSOLE /TLBID:1 /DYNAMICBASE /NXCOMPAT /IMPLIB:"E:\study\Code_Release_Version\Debug\CostDistanceC++.lib" /MACHINE:X86 /PROFILE Debug\main.obj
         Debug\stdafx.obj
     1>LINK : warning LNK4075: 忽略“/INCREMENTAL”(由于“/PROFILE”规范)
     1>main.obj : warning LNK4075: 忽略“/EDITANDCONTINUE”(由于“/OPT:LBR”规范)
         CostDistanceC++.vcxproj -> E:\study\Code_Release_Version\Debug\CostDistanceC++.exe
     1>已完成生成项目“E:\study\Code_Release_Version\CostDistanceC++\CostDistanceC++.vcxproj”(Build 个目标)的操作。

生成成功。

已用时间 00:00:03.13
